<?xml version="1.0" encoding="UTF-8"?>
<testng-results ignored="0" total="1" passed="1" failed="0" skipped="0">
  <reporter-output>
  </reporter-output>
  <suite started-at="2022-05-19T16:06:22 IST" name="Default suite" finished-at="2022-05-19T16:06:30 IST" duration-ms="8161">
    <groups>
    </groups>
    <test started-at="2022-05-19T16:06:22 IST" name="Default test" finished-at="2022-05-19T16:06:30 IST" duration-ms="8161">
      <class name="com.training.sanity.tests.LoginTests">
        <test-method is-config="true" signature="setUpBeforeClass()[pri:0, instance:com.training.sanity.tests.LoginTests@76c3e77a]" started-at="2022-05-19T16:06:22 IST" name="setUpBeforeClass" finished-at="2022-05-19T16:06:22 IST" duration-ms="7" status="PASS">
          <reporter-output>
          </reporter-output>
        </test-method> <!-- setUpBeforeClass -->
        <test-method is-config="true" signature="setUp()[pri:0, instance:com.training.sanity.tests.LoginTests@76c3e77a]" started-at="2022-05-19T16:06:22 IST" name="setUp" finished-at="2022-05-19T16:06:25 IST" duration-ms="3785" status="PASS">
          <reporter-output>
          </reporter-output>
        </test-method> <!-- setUp -->
        <test-method signature="validLoginTest()[pri:0, instance:com.training.sanity.tests.LoginTests@76c3e77a]" started-at="2022-05-19T16:06:25 IST" name="validLoginTest" finished-at="2022-05-19T16:06:28 IST" duration-ms="2597" status="PASS">
          <reporter-output>
          </reporter-output>
        </test-method> <!-- validLoginTest -->
        <test-method is-config="true" signature="tearDown()[pri:0, instance:com.training.sanity.tests.LoginTests@76c3e77a]" started-at="2022-05-19T16:06:28 IST" name="tearDown" finished-at="2022-05-19T16:06:30 IST" duration-ms="1734" status="PASS">
          <reporter-output>
          </reporter-output>
        </test-method> <!-- tearDown -->
      </class> <!-- com.training.sanity.tests.LoginTests -->
    </test> <!-- Default test -->
  </suite> <!-- Default suite -->
</testng-results>
